

Working Directory = /escnfs/courses/fa24-cse-30342.01/dropbox/mjohns79/VLSI/lab5solo
QoS Summary for day_trading
==========================================================================================
Metric                          generic         map             syn_opt         final          
==========================================================================================
Slack (ps):                       inf             inf             inf             inf
  R2R (ps):                  no_value        no_value        no_value        no_value
  I2R (ps):                  no_value        no_value        no_value        no_value
  R2O (ps):                  no_value        no_value        no_value        no_value
  I2O (ps):                  no_value        no_value        no_value        no_value
  CG  (ps):                  no_value        no_value        no_value        no_value
TNS (ps):                           0               0               0               0
  R2R (ps):                  no_value        no_value        no_value        no_value
  I2R (ps):                  no_value        no_value        no_value        no_value
  R2O (ps):                  no_value        no_value        no_value        no_value
  I2O (ps):                  no_value        no_value        no_value        no_value
  CG  (ps):                  no_value        no_value        no_value        no_value
Failing Paths:                      0               0               0               0
Cell Area:                     72,424          61,366          61,625          61,625
Total Cell Area:               72,424          61,366          61,625          61,625
Leaf Instances:                   235             198             196             196
Total Instances:                  235             198             196             196
Utilization (%):                 0.00            0.00            0.00            0.00
Tot. Net Length (um):        no_value        no_value        no_value        no_value
Avg. Net Length (um):        no_value        no_value        no_value        no_value
Route Overflow H (%):        no_value        no_value        no_value        no_value
Route Overflow V (%):        no_value        no_value        no_value        no_value
MBCI(%) (bits/gate) :            0.00            0.00            0.00            0.00
Norm Cong Hotspot Area:
  Max Cong:                  no_value        no_value        no_value        no_value
  Tot Cong:                  no_value        no_value        no_value        no_value
==========================================================================================
CPU  Runtime (h:m:s):        00:00:05        00:00:01        00:00:01        00:00:00
Real Runtime (h:m:s):        00:00:35        00:00:01        00:00:01        00:00:00
CPU  Elapsed (h:m:s):        00:00:12        00:00:13        00:00:14        00:00:14
Real Elapsed (h:m:s):        00:00:37        00:00:38        00:00:39        00:00:39
Memory (MB):                   623.72          624.54          621.54          621.54
==========================================================================================
==========================================================================================
Flow Settings:
==========================================================================================
Total Runtime (h:m:s): 00:00:37
Total Memory (MB):     621.54
Executable Version:    17.24-s038_1
==========================================================================================
Total Cell Area =  Cell Area + Physical Cell Area
Total Instances =  Leaf Instances + Physical Instances


