============================================================
  Generated by:           Genus(TM) Synthesis Solution 17.24-s038_1
  Generated on:           Jan 07 2025  02:59:55 am
  Module:                 day_trading
  Technology libraries:   muddlib 
                          physical_cells 
  Operating conditions:   typical 
  Interconnect mode:      global
  Area mode:              physical library
============================================================

Timing
-------
  Cost    Critical         Violating 
 Group   Path Slack  TNS     Paths   
-------------------------------------
default    No paths   0.0            
-------------------------------------
Total                 0.0          0 

Instance Count
--------------
Leaf Instance Count             196 
Physical Instance count           0 
Sequential Instance Count        29 
Combinational Instance Count    167 
Hierarchical Instance Count       0 

Area
----
Cell Area                          61624.800
Physical Cell Area                 0.000
Total Cell Area (Cell+Physical)    61624.800
Net Area                           51873.710
Total Area (Cell+Physical+Net)     113498.510

Runtime                            0.0 seconds
Elapsed Runtime                    50 seconds
Genus peak memory usage            621.54 
Innovus peak memory usage          no_value 
Hostname                           student04.cse.nd.edu
