============================================================
  Generated by:           Genus(TM) Synthesis Solution 17.24-s038_1
  Generated on:           Jan 07 2025  02:59:54 am
  Module:                 day_trading
  Technology libraries:   muddlib 
                          physical_cells 
  Operating conditions:   typical 
  Interconnect mode:      global
  Area mode:              physical library
============================================================

                                   Leakage  
   Gate     Instances    Area    Power (nW)   Library  
-------------------------------------------------------
a2o1_1x            42  13608.000      5.084    muddlib 
and2_1x            33   8553.600      3.660    muddlib 
inv_1x             25   3240.000      0.723    muddlib 
latch_c_1x         29  20671.200      8.705    muddlib 
mux2_c_1x           1    453.600      0.210    muddlib 
nand2_1x           25   4860.000      1.303    muddlib 
nand2_2x            1    194.400      0.054    muddlib 
nand3_1x            5   1296.000      0.362    muddlib 
nor2_1x            17   3304.800      0.839    muddlib 
nor3_1x            10   2592.000      0.715    muddlib 
or2_1x             10   2592.000      1.042    muddlib 
-------------------------------------------------------
total             198  61365.600     22.694            


                                            Leakage  Leakage 
     Type      Instances    Area   Area % Power (nW) Power % 
-------------------------------------------------------------
sequential            29 20671.200   33.7      8.705    38.4 
inverter              25  3240.000    5.3      0.723     3.2 
logic                144 37454.400   61.0     13.267    58.5 
physical_cells         0     0.000    0.0      0.000     0.0 
-------------------------------------------------------------
total                198 61365.600  100.0     22.694   100.0 

