============================================================
  Generated by:           Genus(TM) Synthesis Solution 17.24-s038_1
  Generated on:           Jan 07 2025  02:59:55 am
  Module:                 day_trading
  Technology libraries:   muddlib 
                          physical_cells 
  Operating conditions:   typical 
  Interconnect mode:      global
  Area mode:              physical library
============================================================

                                   Leakage  
   Gate     Instances    Area    Power (nW)   Library  
-------------------------------------------------------
a2o1_1x            40  12960.000      4.842    muddlib 
and2_1x            32   8294.400      3.549    muddlib 
fulladder           1   1036.800      0.360    muddlib 
inv_1x             25   3240.000      0.723    muddlib 
latch_c_1x         29  20671.200      8.705    muddlib 
mux2_c_1x           2    907.200      0.419    muddlib 
nand2_1x           25   4860.000      1.303    muddlib 
nand2_2x            1    194.400      0.054    muddlib 
nand3_1x            5   1296.000      0.362    muddlib 
nor2_1x            17   3304.800      0.839    muddlib 
nor2_2x             1    194.400      0.054    muddlib 
nor3_1x             9   2332.800      0.644    muddlib 
or2_1x              9   2332.800      0.937    muddlib 
-------------------------------------------------------
total             196  61624.800     22.789            


                                            Leakage  Leakage 
     Type      Instances    Area   Area % Power (nW) Power % 
-------------------------------------------------------------
sequential            29 20671.200   33.5      8.705    38.2 
inverter              25  3240.000    5.3      0.723     3.2 
logic                142 37713.600   61.2     13.361    58.6 
physical_cells         0     0.000    0.0      0.000     0.0 
-------------------------------------------------------------
total                196 61624.800  100.0     22.789   100.0 

